<?xml version="1.0" encoding="UTF-8"?>
<testng-results ignored="0" total="1" passed="1" failed="0" skipped="0">
  <reporter-output>
  </reporter-output>
  <suite started-at="2025-06-30T17:49:53 IST" name="OrangeHRM Suite" finished-at="2025-06-30T17:50:01 IST" duration-ms="7610">
    <groups>
    </groups>
    <test started-at="2025-06-30T17:49:53 IST" name="LoginTest" finished-at="2025-06-30T17:50:01 IST" duration-ms="7610">
      <class name="Test.LoginTest">
        <test-method is-config="true" signature="setupReport()[pri:0, instance:Test.LoginTest@28e8dde3]" started-at="2025-06-30T17:49:53 IST" name="setupReport" finished-at="2025-06-30T17:49:53 IST" duration-ms="18" status="PASS">
          <reporter-output>
          </reporter-output>
        </test-method> <!-- setupReport -->
        <test-method is-config="true" signature="setup(java.lang.String)[pri:0, instance:Test.LoginTest@28e8dde3]" started-at="2025-06-30T17:49:53 IST" name="setup" finished-at="2025-06-30T17:50:00 IST" duration-ms="6253" status="PASS">
          <params>
            <param index="0">
              <value>
                <![CDATA[chrome]]>
              </value>
            </param>
          </params>
          <reporter-output>
          </reporter-output>
        </test-method> <!-- setup -->
        <test-method signature="validLoginTest(java.lang.String,java.lang.String)[pri:0, instance:Test.LoginTest@28e8dde3]" started-at="2025-06-30T17:50:00 IST" name="validLoginTest" data-provider="loginData" finished-at="2025-06-30T17:50:01 IST" duration-ms="965" status="PASS">
          <params>
            <param index="0">
              <value>
                <![CDATA[Admin]]>
              </value>
            </param>
            <param index="1">
              <value>
                <![CDATA[admin123]]>
              </value>
            </param>
          </params>
          <reporter-output>
          </reporter-output>
        </test-method> <!-- validLoginTest -->
        <test-method is-config="true" signature="tearDown(org.testng.ITestResult)[pri:0, instance:Test.LoginTest@28e8dde3]" started-at="2025-06-30T17:50:01 IST" name="tearDown" finished-at="2025-06-30T17:50:01 IST" duration-ms="297" status="PASS">
          <params>
            <param index="0">
              <value>
                <![CDATA[[TestResult name=validLoginTest status=SUCCESS method=LoginTest.validLoginTest(java.lang.String,java.lang.String)[pri:0, instance:Test.LoginTest@28e8dde3] output={null}]]]>
              </value>
            </param>
          </params>
          <reporter-output>
          </reporter-output>
        </test-method> <!-- tearDown -->
        <test-method is-config="true" signature="tearDownReport()[pri:0, instance:Test.LoginTest@28e8dde3]" started-at="2025-06-30T17:50:02 IST" name="tearDownReport" finished-at="2025-06-30T17:50:02 IST" duration-ms="131" status="PASS">
          <reporter-output>
          </reporter-output>
        </test-method> <!-- tearDownReport -->
      </class> <!-- Test.LoginTest -->
    </test> <!-- LoginTest -->
  </suite> <!-- OrangeHRM Suite -->
</testng-results>
