<?xml version="1.0" encoding="UTF-8"?>
<testng-results ignored="0" total="1" passed="1" failed="0" skipped="0">
  <reporter-output>
  </reporter-output>
  <suite started-at="2025-07-17T15:24:53 IST" name="Default suite" finished-at="2025-07-17T15:27:27 IST" duration-ms="154041">
    <groups>
    </groups>
    <test started-at="2025-07-17T15:24:53 IST" name="Default test" finished-at="2025-07-17T15:27:27 IST" duration-ms="154041">
      <class name="test.TutorialTest">
        <test-method is-config="true" signature="setUp(java.lang.String)[pri:0, instance:test.TutorialTest@702657cc]" started-at="2025-07-17T15:24:53 IST" name="setUp" finished-at="2025-07-17T15:24:57 IST" duration-ms="3593" status="PASS">
          <params>
            <param index="0">
              <value>
                <![CDATA[Chrome]]>
              </value>
            </param>
          </params>
          <reporter-output>
          </reporter-output>
        </test-method> <!-- setUp -->
        <test-method signature="getTutorial()[pri:2, instance:test.TutorialTest@702657cc]" started-at="2025-07-17T15:24:57 IST" name="getTutorial" finished-at="2025-07-17T15:24:57 IST" duration-ms="260" status="PASS">
          <reporter-output>
          </reporter-output>
        </test-method> <!-- getTutorial -->
        <test-method is-config="true" signature="tearDown()[pri:0, instance:test.TutorialTest@702657cc]" started-at="2025-07-17T15:24:57 IST" name="tearDown" finished-at="2025-07-17T15:27:27 IST" duration-ms="150125" status="PASS">
          <reporter-output>
          </reporter-output>
        </test-method> <!-- tearDown -->
      </class> <!-- test.TutorialTest -->
    </test> <!-- Default test -->
  </suite> <!-- Default suite -->
</testng-results>
